<?xml version="1.0" encoding="UTF-8"?><testsuite errors="0" failures="0" name="in.co.gorest.userinfo.UserCURDTestWithSteps" skipped="0" tests="4" time="4.1" timestamp="2022-06-05T02:16:41.705+01:00[Europe/London]"><testcase classname="in.co.gorest.userinfo.UserCURDTestWithSteps" name="This will create a new user"/><testcase classname="in.co.gorest.userinfo.UserCURDTestWithSteps" name="Verify if the user was added to the application for name=Himadri Kocchar"/><testcase classname="in.co.gorest.userinfo.UserCURDTestWithSteps" name="Update the user information and verify the updated information for ID=3866"/><testcase classname="in.co.gorest.userinfo.UserCURDTestWithSteps" name="Delete the user and verify if the user is deleted! for ID=3868"/></testsuite>